13:13:33 INFO  - Start test - >studentRegFormTest
13:13:33 INFO  - Start search ->By.xpath: //div[@class='category-cards']/div[2]
13:13:33 INFO  - By.xpath: //div[@class='category-cards']/div[2]<- found
13:13:34 INFO  - Start search ->By.xpath: //span[.='Practice Form']
13:13:34 INFO  - By.xpath: //span[.='Practice Form']<- found
13:13:34 INFO  - Start search ->By.id: firstName
13:13:35 INFO  - By.id: firstName<- found
13:13:35 INFO  - Start search ->By.id: firstName
13:13:35 INFO  - By.id: firstName<- found
13:13:35 INFO  - Start search ->By.id: firstName
13:13:35 INFO  - By.id: firstName<- found
13:13:35 INFO  - Start search ->By.id: lastName
13:13:35 INFO  - By.id: lastName<- found
13:13:35 INFO  - Start search ->By.id: lastName
13:13:35 INFO  - By.id: lastName<- found
13:13:36 INFO  - Start search ->By.id: lastName
13:13:36 INFO  - By.id: lastName<- found
13:13:36 INFO  - Start search ->By.id: userEmail
13:13:36 INFO  - By.id: userEmail<- found
13:13:36 INFO  - Start search ->By.id: userEmail
13:13:36 INFO  - By.id: userEmail<- found
13:13:36 INFO  - Start search ->By.id: userEmail
13:13:36 INFO  - By.id: userEmail<- found
13:13:37 INFO  - Start search ->By.xpath: //label[@for='gender-radio-1']
13:13:37 INFO  - By.xpath: //label[@for='gender-radio-1']<- found
13:13:37 INFO  - Start search ->By.id: userNumber
13:13:37 INFO  - By.id: userNumber<- found
13:13:38 INFO  - Start search ->By.id: userNumber
13:13:38 INFO  - By.id: userNumber<- found
13:13:38 INFO  - Start search ->By.id: userNumber
13:13:38 INFO  - By.id: userNumber<- found
13:13:38 INFO  - Start search ->By.id: dateOfBirthInput
13:13:38 INFO  - By.id: dateOfBirthInput<- found
13:13:39 INFO  - Start search ->By.id: dateOfBirthInput
13:13:39 INFO  - By.id: dateOfBirthInput<- found
13:13:39 INFO  - Start search ->By.id: dateOfBirthInput
13:13:39 INFO  - By.id: dateOfBirthInput<- found
13:13:40 INFO  - Start search ->By.id: dateOfBirthInput
13:13:40 INFO  - By.id: dateOfBirthInput<- found
13:13:40 INFO  - Start search ->By.xpath: //label[@for='hobbies-checkbox-1']
13:13:40 INFO  - By.xpath: //label[@for='hobbies-checkbox-1']<- found
13:13:40 INFO  - Start search ->By.xpath: //label[@for='hobbies-checkbox-3']
13:13:40 INFO  - By.xpath: //label[@for='hobbies-checkbox-3']<- found
13:13:41 INFO  - Start search ->By.id: currentAddress
13:13:41 INFO  - By.id: currentAddress<- found
13:13:41 INFO  - Start search ->By.id: currentAddress
13:13:41 INFO  - By.id: currentAddress<- found
13:13:41 INFO  - Start search ->By.id: currentAddress
13:13:41 INFO  - By.id: currentAddress<- found
13:13:42 INFO  - Start search ->By.id: state
13:13:42 INFO  - By.id: state<- found
13:13:43 ERROR - org.openqa.selenium.ElementClickInterceptedException: element click intercepted: Element <div class=" css-2b097c-container" id="state">...</div> is not clickable at point (619, 594). Other element would receive the click: <span>...</span>
  (Session info: chrome=87.0.4280.141)
Build info: version: '3.141.59', revision: 'e82be7d358', time: '2018-11-14T08:17:03'
System info: host: 'YULIA', ip: '192.168.1.17', os.name: 'Windows 8.1', os.arch: 'amd64', os.version: '6.3', java.version: '1.8.0_271'
Driver info: org.openqa.selenium.chrome.ChromeDriver
Capabilities {acceptInsecureCerts: false, browserName: chrome, browserVersion: 87.0.4280.141, chrome: {chromedriverVersion: 87.0.4280.88 (89e2380a3e36c..., userDataDir: C:\Users\яв \AppData\Local\...}, goog:chromeOptions: {debuggerAddress: localhost:49793}, javascriptEnabled: true, networkConnectionEnabled: false, pageLoadStrategy: normal, platform: WINDOWS, platformName: WINDOWS, proxy: Proxy(), setWindowRect: true, strictFileInteractability: false, timeouts: {implicit: 0, pageLoad: 300000, script: 30000}, unhandledPromptBehavior: dismiss and notify, webauthn:virtualAuthenticators: true}
Session ID: 4928d096a1c62f005ff2c3b02bfca268
13:13:43 ERROR - src/test/screenshots/screen-1611483223219.png
13:13:43 INFO  - Start search ->By.className: css-1uccc91-singleValue
13:13:53 ERROR - org.openqa.selenium.NoSuchElementException: no such element: Unable to locate element: {"method":"css selector","selector":".css\-1uccc91\-singleValue"}
  (Session info: chrome=87.0.4280.141)
For documentation on this error, please visit: https://www.seleniumhq.org/exceptions/no_such_element.html
Build info: version: '3.141.59', revision: 'e82be7d358', time: '2018-11-14T08:17:03'
System info: host: 'YULIA', ip: '192.168.1.17', os.name: 'Windows 8.1', os.arch: 'amd64', os.version: '6.3', java.version: '1.8.0_271'
Driver info: org.openqa.selenium.chrome.ChromeDriver
Capabilities {acceptInsecureCerts: false, browserName: chrome, browserVersion: 87.0.4280.141, chrome: {chromedriverVersion: 87.0.4280.88 (89e2380a3e36c..., userDataDir: C:\Users\яв \AppData\Local\...}, goog:chromeOptions: {debuggerAddress: localhost:49793}, javascriptEnabled: true, networkConnectionEnabled: false, pageLoadStrategy: normal, platform: WINDOWS, platformName: WINDOWS, proxy: Proxy(), setWindowRect: true, strictFileInteractability: false, timeouts: {implicit: 0, pageLoad: 300000, script: 30000}, unhandledPromptBehavior: dismiss and notify, webauthn:virtualAuthenticators: true}
Session ID: 4928d096a1c62f005ff2c3b02bfca268
*** Element info: {Using=class name, value=css-1uccc91-singleValue}
13:13:54 ERROR - src/test/screenshots/screen-1611483233789.png
13:13:55 INFO  - Start search ->By.id: submit
13:13:55 INFO  - By.id: submit<- found
13:13:55 INFO  - End of test -> studentRegFormTest
************************************
